19:03:30 **** Clean-only build of configuration Debug for project DiscoveryB1 ****
make -j12 clean 
rm -rf *
 
19:03:30 **** Incremental Build of configuration Debug for project DiscoveryB1 ****
make -j12 all 
arm-none-eabi-gcc "../Thirdparty/FreeRTOS/portable/MemMang/heap_4.c" -mcpu=cortex-m4 -std=gnu11 -g3 -DUSE_HAL_DRIVER -DDEBUG -DSTM32F429xx -c -I../Core/Inc -I../Drivers/STM32F4xx_HAL_Driver/Inc -I../Drivers/STM32F4xx_HAL_Driver/Inc/Legacy -I../Drivers/CMSIS/Device/ST/STM32F4xx/Include -I../Drivers/CMSIS/Include -O0 -ffunction-sections -fdata-sections -Wall -fstack-usage -MMD -MP -MF"Thirdparty/FreeRTOS/portable/MemMang/heap_4.d" -MT"Thirdparty/FreeRTOS/portable/MemMang/heap_4.o" --specs=nano.specs -mfpu=fpv4-sp-d16 -mfloat-abi=hard -mthumb -o "Thirdparty/FreeRTOS/portable/MemMang/heap_4.o"
arm-none-eabi-gcc "../Thirdparty/FreeRTOS/portable/GCC/ARM_CM4F/port.c" -mcpu=cortex-m4 -std=gnu11 -g3 -DUSE_HAL_DRIVER -DDEBUG -DSTM32F429xx -c -I../Core/Inc -I../Drivers/STM32F4xx_HAL_Driver/Inc -I../Drivers/STM32F4xx_HAL_Driver/Inc/Legacy -I../Drivers/CMSIS/Device/ST/STM32F4xx/Include -I../Drivers/CMSIS/Include -O0 -ffunction-sections -fdata-sections -Wall -fstack-usage -MMD -MP -MF"Thirdparty/FreeRTOS/portable/GCC/ARM_CM4F/port.d" -MT"Thirdparty/FreeRTOS/portable/GCC/ARM_CM4F/port.o" --specs=nano.specs -mfpu=fpv4-sp-d16 -mfloat-abi=hard -mthumb -o "Thirdparty/FreeRTOS/portable/GCC/ARM_CM4F/port.o"
arm-none-eabi-gcc "../Thirdparty/FreeRTOS/croutine.c" -mcpu=cortex-m4 -std=gnu11 -g3 -DUSE_HAL_DRIVER -DDEBUG -DSTM32F429xx -c -I../Core/Inc -I../Drivers/STM32F4xx_HAL_Driver/Inc -I../Drivers/STM32F4xx_HAL_Driver/Inc/Legacy -I../Drivers/CMSIS/Device/ST/STM32F4xx/Include -I../Drivers/CMSIS/Include -O0 -ffunction-sections -fdata-sections -Wall -fstack-usage -MMD -MP -MF"Thirdparty/FreeRTOS/croutine.d" -MT"Thirdparty/FreeRTOS/croutine.o" --specs=nano.specs -mfpu=fpv4-sp-d16 -mfloat-abi=hard -mthumb -o "Thirdparty/FreeRTOS/croutine.o"
arm-none-eabi-gcc "../Thirdparty/FreeRTOS/event_groups.c" -mcpu=cortex-m4 -std=gnu11 -g3 -DUSE_HAL_DRIVER -DDEBUG -DSTM32F429xx -c -I../Core/Inc -I../Drivers/STM32F4xx_HAL_Driver/Inc -I../Drivers/STM32F4xx_HAL_Driver/Inc/Legacy -I../Drivers/CMSIS/Device/ST/STM32F4xx/Include -I../Drivers/CMSIS/Include -O0 -ffunction-sections -fdata-sections -Wall -fstack-usage -MMD -MP -MF"Thirdparty/FreeRTOS/event_groups.d" -MT"Thirdparty/FreeRTOS/event_groups.o" --specs=nano.specs -mfpu=fpv4-sp-d16 -mfloat-abi=hard -mthumb -o "Thirdparty/FreeRTOS/event_groups.o"
arm-none-eabi-gcc "../Thirdparty/FreeRTOS/list.c" -mcpu=cortex-m4 -std=gnu11 -g3 -DUSE_HAL_DRIVER -DDEBUG -DSTM32F429xx -c -I../Core/Inc -I../Drivers/STM32F4xx_HAL_Driver/Inc -I../Drivers/STM32F4xx_HAL_Driver/Inc/Legacy -I../Drivers/CMSIS/Device/ST/STM32F4xx/Include -I../Drivers/CMSIS/Include -O0 -ffunction-sections -fdata-sections -Wall -fstack-usage -MMD -MP -MF"Thirdparty/FreeRTOS/list.d" -MT"Thirdparty/FreeRTOS/list.o" --specs=nano.specs -mfpu=fpv4-sp-d16 -mfloat-abi=hard -mthumb -o "Thirdparty/FreeRTOS/list.o"
arm-none-eabi-gcc "../Thirdparty/FreeRTOS/queue.c" -mcpu=cortex-m4 -std=gnu11 -g3 -DUSE_HAL_DRIVER -DDEBUG -DSTM32F429xx -c -I../Core/Inc -I../Drivers/STM32F4xx_HAL_Driver/Inc -I../Drivers/STM32F4xx_HAL_Driver/Inc/Legacy -I../Drivers/CMSIS/Device/ST/STM32F4xx/Include -I../Drivers/CMSIS/Include -O0 -ffunction-sections -fdata-sections -Wall -fstack-usage -MMD -MP -MF"Thirdparty/FreeRTOS/queue.d" -MT"Thirdparty/FreeRTOS/queue.o" --specs=nano.specs -mfpu=fpv4-sp-d16 -mfloat-abi=hard -mthumb -o "Thirdparty/FreeRTOS/queue.o"
arm-none-eabi-gcc "../Thirdparty/FreeRTOS/stream_buffer.c" -mcpu=cortex-m4 -std=gnu11 -g3 -DUSE_HAL_DRIVER -DDEBUG -DSTM32F429xx -c -I../Core/Inc -I../Drivers/STM32F4xx_HAL_Driver/Inc -I../Drivers/STM32F4xx_HAL_Driver/Inc/Legacy -I../Drivers/CMSIS/Device/ST/STM32F4xx/Include -I../Drivers/CMSIS/Include -O0 -ffunction-sections -fdata-sections -Wall -fstack-usage -MMD -MP -MF"Thirdparty/FreeRTOS/stream_buffer.d" -MT"Thirdparty/FreeRTOS/stream_buffer.o" --specs=nano.specs -mfpu=fpv4-sp-d16 -mfloat-abi=hard -mthumb -o "Thirdparty/FreeRTOS/stream_buffer.o"
arm-none-eabi-gcc "../Thirdparty/FreeRTOS/tasks.c" -mcpu=cortex-m4 -std=gnu11 -g3 -DUSE_HAL_DRIVER -DDEBUG -DSTM32F429xx -c -I../Core/Inc -I../Drivers/STM32F4xx_HAL_Driver/Inc -I../Drivers/STM32F4xx_HAL_Driver/Inc/Legacy -I../Drivers/CMSIS/Device/ST/STM32F4xx/Include -I../Drivers/CMSIS/Include -O0 -ffunction-sections -fdata-sections -Wall -fstack-usage -MMD -MP -MF"Thirdparty/FreeRTOS/tasks.d" -MT"Thirdparty/FreeRTOS/tasks.o" --specs=nano.specs -mfpu=fpv4-sp-d16 -mfloat-abi=hard -mthumb -o "Thirdparty/FreeRTOS/tasks.o"
arm-none-eabi-gcc "../Thirdparty/FreeRTOS/timers.c" -mcpu=cortex-m4 -std=gnu11 -g3 -DUSE_HAL_DRIVER -DDEBUG -DSTM32F429xx -c -I../Core/Inc -I../Drivers/STM32F4xx_HAL_Driver/Inc -I../Drivers/STM32F4xx_HAL_Driver/Inc/Legacy -I../Drivers/CMSIS/Device/ST/STM32F4xx/Include -I../Drivers/CMSIS/Include -O0 -ffunction-sections -fdata-sections -Wall -fstack-usage -MMD -MP -MF"Thirdparty/FreeRTOS/timers.d" -MT"Thirdparty/FreeRTOS/timers.o" --specs=nano.specs -mfpu=fpv4-sp-d16 -mfloat-abi=hard -mthumb -o "Thirdparty/FreeRTOS/timers.o"
arm-none-eabi-gcc "../Drivers/STM32F4xx_HAL_Driver/Src/stm32f4xx_hal.c" -mcpu=cortex-m4 -std=gnu11 -g3 -DUSE_HAL_DRIVER -DDEBUG -DSTM32F429xx -c -I../Core/Inc -I../Drivers/STM32F4xx_HAL_Driver/Inc -I../Drivers/STM32F4xx_HAL_Driver/Inc/Legacy -I../Drivers/CMSIS/Device/ST/STM32F4xx/Include -I../Drivers/CMSIS/Include -O0 -ffunction-sections -fdata-sections -Wall -fstack-usage -MMD -MP -MF"Drivers/STM32F4xx_HAL_Driver/Src/stm32f4xx_hal.d" -MT"Drivers/STM32F4xx_HAL_Driver/Src/stm32f4xx_hal.o" --specs=nano.specs -mfpu=fpv4-sp-d16 -mfloat-abi=hard -mthumb -o "Drivers/STM32F4xx_HAL_Driver/Src/stm32f4xx_hal.o"
arm-none-eabi-gcc "../Drivers/STM32F4xx_HAL_Driver/Src/stm32f4xx_hal_cortex.c" -mcpu=cortex-m4 -std=gnu11 -g3 -DUSE_HAL_DRIVER -DDEBUG -DSTM32F429xx -c -I../Core/Inc -I../Drivers/STM32F4xx_HAL_Driver/Inc -I../Drivers/STM32F4xx_HAL_Driver/Inc/Legacy -I../Drivers/CMSIS/Device/ST/STM32F4xx/Include -I../Drivers/CMSIS/Include -O0 -ffunction-sections -fdata-sections -Wall -fstack-usage -MMD -MP -MF"Drivers/STM32F4xx_HAL_Driver/Src/stm32f4xx_hal_cortex.d" -MT"Drivers/STM32F4xx_HAL_Driver/Src/stm32f4xx_hal_cortex.o" --specs=nano.specs -mfpu=fpv4-sp-d16 -mfloat-abi=hard -mthumb -o "Drivers/STM32F4xx_HAL_Driver/Src/stm32f4xx_hal_cortex.o"
arm-none-eabi-gcc "../Drivers/STM32F4xx_HAL_Driver/Src/stm32f4xx_hal_dma.c" -mcpu=cortex-m4 -std=gnu11 -g3 -DUSE_HAL_DRIVER -DDEBUG -DSTM32F429xx -c -I../Core/Inc -I../Drivers/STM32F4xx_HAL_Driver/Inc -I../Drivers/STM32F4xx_HAL_Driver/Inc/Legacy -I../Drivers/CMSIS/Device/ST/STM32F4xx/Include -I../Drivers/CMSIS/Include -O0 -ffunction-sections -fdata-sections -Wall -fstack-usage -MMD -MP -MF"Drivers/STM32F4xx_HAL_Driver/Src/stm32f4xx_hal_dma.d" -MT"Drivers/STM32F4xx_HAL_Driver/Src/stm32f4xx_hal_dma.o" --specs=nano.specs -mfpu=fpv4-sp-d16 -mfloat-abi=hard -mthumb -o "Drivers/STM32F4xx_HAL_Driver/Src/stm32f4xx_hal_dma.o"
../Thirdparty/FreeRTOS/portable/GCC/ARM_CM4F/port.c:32:10: fatal error: FreeRTOS.h: No such file or directory
 #include "FreeRTOS.h"
          ^~~~~~~~~~~~
compilation terminated.
../Thirdparty/FreeRTOS/croutine.c:27:10: fatal error: FreeRTOS.h: No such file or directory
 #include "FreeRTOS.h"
          ^~~~~~~~~~~~
compilation terminated.
make: *** [Thirdparty/FreeRTOS/portable/GCC/ARM_CM4F/subdir.mk:18: Thirdparty/FreeRTOS/portable/GCC/ARM_CM4F/port.o] Error 1
make: *** Waiting for unfinished jobs....
make: *** [Thirdparty/FreeRTOS/subdir.mk:36: Thirdparty/FreeRTOS/croutine.o] Error 1
../Thirdparty/FreeRTOS/portable/MemMang/heap_4.c:42:10: fatal error: FreeRTOS.h: No such file or directory
 #include "FreeRTOS.h"
          ^~~~~~~~~~~~
compilation terminated.
make: *** [Thirdparty/FreeRTOS/portable/MemMang/subdir.mk:18: Thirdparty/FreeRTOS/portable/MemMang/heap_4.o] Error 1
../Thirdparty/FreeRTOS/event_groups.c:36:10: fatal error: FreeRTOS.h: No such file or directory
 #include "FreeRTOS.h"
          ^~~~~~~~~~~~
compilation terminated.
../Thirdparty/FreeRTOS/list.c:35:10: fatal error: FreeRTOS.h: No such file or directory
 #include "FreeRTOS.h"
          ^~~~~~~~~~~~
compilation terminated.
make: *** [Thirdparty/FreeRTOS/subdir.mk:38: Thirdparty/FreeRTOS/event_groups.o] Error 1
make: *** [Thirdparty/FreeRTOS/subdir.mk:40: Thirdparty/FreeRTOS/list.o] Error 1
../Thirdparty/FreeRTOS/queue.c:35:10: fatal error: FreeRTOS.h: No such file or directory
 #include "FreeRTOS.h"
          ^~~~~~~~~~~~
compilation terminated.
make: *** [Thirdparty/FreeRTOS/subdir.mk:42: Thirdparty/FreeRTOS/queue.o] Error 1
../Thirdparty/FreeRTOS/stream_buffer.c:37:10: fatal error: FreeRTOS.h: No such file or directory
 #include "FreeRTOS.h"
          ^~~~~~~~~~~~
compilation terminated.
../Thirdparty/FreeRTOS/timers.c:35:10: fatal error: FreeRTOS.h: No such file or directory
 #include "FreeRTOS.h"
          ^~~~~~~~~~~~
compilation terminated.
../Thirdparty/FreeRTOS/tasks.c:37:10: fatal error: FreeRTOS.h: No such file or directory
 #include "FreeRTOS.h"
          ^~~~~~~~~~~~
compilation terminated.
make: *** [Thirdparty/FreeRTOS/subdir.mk:44: Thirdparty/FreeRTOS/stream_buffer.o] Error 1
make: *** [Thirdparty/FreeRTOS/subdir.mk:46: Thirdparty/FreeRTOS/tasks.o] Error 1
make: *** [Thirdparty/FreeRTOS/subdir.mk:48: Thirdparty/FreeRTOS/timers.o] Error 1
"make -j12 all" terminated with exit code 2. Build might be incomplete.
